<?xml version="1.0" encoding="UTF-8"?>
<testng-results ignored="0" total="1" passed="1" failed="0" skipped="0">
  <reporter-output>
  </reporter-output>
  <suite started-at="2023-06-02T14:24:03 IST" name="Default suite" finished-at="2023-06-02T14:24:05 IST" duration-ms="2083">
    <groups>
    </groups>
    <test started-at="2023-06-02T14:24:03 IST" name="Default test" finished-at="2023-06-02T14:24:05 IST" duration-ms="2083">
      <class name="com.qa.rest.tests.MaverickPostApitest_BDD">
        <test-method signature="test_POST_Analysis_Load()[pri:0, instance:com.qa.rest.tests.MaverickPostApitest_BDD@503d687a]" started-at="2023-06-02T14:24:03 IST" name="test_POST_Analysis_Load" finished-at="2023-06-02T14:24:05 IST" duration-ms="2047" status="PASS">
          <reporter-output>
          </reporter-output>
        </test-method> <!-- test_POST_Analysis_Load -->
      </class> <!-- com.qa.rest.tests.MaverickPostApitest_BDD -->
    </test> <!-- Default test -->
  </suite> <!-- Default suite -->
</testng-results>
